2019-09-30 10:39:44.245  INFO 55025 --- [main] tech.base2.ipps.IppsApplication          : Starting IppsApplication on macbook-pro.lan with PID 55025 (/Users/renezablah/Documents/workspace-spring-tool-suite-4-4.2.1.RELEASE/ipps/target/classes started by renezablah in /Users/renezablah/Documents/workspace-spring-tool-suite-4-4.2.1.RELEASE/ipps)
2019-09-30 10:39:44.248  INFO 55025 --- [main] tech.base2.ipps.IppsApplication          : No active profile set, falling back to default profiles: default
2019-09-30 10:39:45.048  INFO 55025 --- [main] .s.d.r.c.RepositoryConfigurationDelegate : Bootstrapping Spring Data repositories in DEFAULT mode.
2019-09-30 10:39:45.125  INFO 55025 --- [main] .s.d.r.c.RepositoryConfigurationDelegate : Finished Spring Data repository scanning in 65ms. Found 1 repository interfaces.
2019-09-30 10:39:45.506  INFO 55025 --- [main] trationDelegate$BeanPostProcessorChecker : Bean 'org.springframework.transaction.annotation.ProxyTransactionManagementConfiguration' of type [org.springframework.transaction.annotation.ProxyTransactionManagementConfiguration$$EnhancerBySpringCGLIB$$81d566ae] is not eligible for getting processed by all BeanPostProcessors (for example: not eligible for auto-proxying)
2019-09-30 10:39:45.866  INFO 55025 --- [main] o.s.b.w.embedded.tomcat.TomcatWebServer  : Tomcat initialized with port(s): 8081 (http)
2019-09-30 10:39:45.901  INFO 55025 --- [main] o.apache.catalina.core.StandardService   : Starting service [Tomcat]
2019-09-30 10:39:45.901  INFO 55025 --- [main] org.apache.catalina.core.StandardEngine  : Starting Servlet engine: [Apache Tomcat/9.0.22]
2019-09-30 10:39:46.014  INFO 55025 --- [main] o.a.c.c.C.[Tomcat].[localhost].[/]       : Initializing Spring embedded WebApplicationContext
2019-09-30 10:39:46.015  INFO 55025 --- [main] o.s.web.context.ContextLoader            : Root WebApplicationContext: initialization completed in 1711 ms
2019-09-30 10:39:46.230  INFO 55025 --- [main] com.zaxxer.hikari.HikariDataSource       : HikariPool-1 - Starting...
2019-09-30 10:39:46.824  INFO 55025 --- [main] com.zaxxer.hikari.HikariDataSource       : HikariPool-1 - Start completed.
2019-09-30 10:39:46.889  INFO 55025 --- [main] o.hibernate.jpa.internal.util.LogHelper  : HHH000204: Processing PersistenceUnitInfo [
	name: default
	...]
2019-09-30 10:39:46.992  INFO 55025 --- [main] org.hibernate.Version                    : HHH000412: Hibernate Core {5.3.10.Final}
2019-09-30 10:39:46.994  INFO 55025 --- [main] org.hibernate.cfg.Environment            : HHH000206: hibernate.properties not found
2019-09-30 10:39:47.224  INFO 55025 --- [main] o.hibernate.annotations.common.Version   : HCANN000001: Hibernate Commons Annotations {5.0.4.Final}
2019-09-30 10:39:47.418  INFO 55025 --- [main] org.hibernate.dialect.Dialect            : HHH000400: Using dialect: org.hibernate.dialect.MySQL5Dialect
2019-09-30 10:39:47.669  WARN 55025 --- [main] org.hibernate.mapping.RootClass          : HHH000038: Composite-id class does not override equals(): tech.base2.ipps.medpar$ippsId
2019-09-30 10:39:47.670  WARN 55025 --- [main] org.hibernate.mapping.RootClass          : HHH000039: Composite-id class does not override hashCode(): tech.base2.ipps.medpar$ippsId
2019-09-30 10:39:48.140  INFO 55025 --- [main] j.LocalContainerEntityManagerFactoryBean : Initialized JPA EntityManagerFactory for persistence unit 'default'
2019-09-30 10:39:48.718  INFO 55025 --- [main] o.s.s.concurrent.ThreadPoolTaskExecutor  : Initializing ExecutorService 'applicationTaskExecutor'
2019-09-30 10:39:48.779  WARN 55025 --- [main] aWebConfiguration$JpaWebMvcConfiguration : spring.jpa.open-in-view is enabled by default. Therefore, database queries may be performed during view rendering. Explicitly configure spring.jpa.open-in-view to disable this warning
2019-09-30 10:39:49.001  INFO 55025 --- [main] o.s.b.w.embedded.tomcat.TomcatWebServer  : Tomcat started on port(s): 8081 (http) with context path ''
2019-09-30 10:39:49.003  INFO 55025 --- [main] tech.base2.ipps.IppsApplication          : Started IppsApplication in 5.309 seconds (JVM running for 5.859)
2019-09-30 11:11:46.339  INFO 55025 --- [Thread-3] o.s.s.concurrent.ThreadPoolTaskExecutor  : Shutting down ExecutorService 'applicationTaskExecutor'
2019-09-30 11:11:46.349  INFO 55025 --- [Thread-3] j.LocalContainerEntityManagerFactoryBean : Closing JPA EntityManagerFactory for persistence unit 'default'
2019-09-30 11:11:46.355  INFO 55025 --- [Thread-3] com.zaxxer.hikari.HikariDataSource       : HikariPool-1 - Shutdown initiated...
2019-09-30 11:11:46.361  INFO 55025 --- [Thread-3] com.zaxxer.hikari.HikariDataSource       : HikariPool-1 - Shutdown completed.
2019-09-30 11:12:02.749  INFO 55170 --- [main] tech.base2.ipps.IppsApplication          : Starting IppsApplication on macbook-pro.lan with PID 55170 (/Users/renezablah/Documents/workspace-spring-tool-suite-4-4.2.1.RELEASE/ipps/target/classes started by renezablah in /Users/renezablah/Documents/workspace-spring-tool-suite-4-4.2.1.RELEASE/ipps)
2019-09-30 11:12:02.752  INFO 55170 --- [main] tech.base2.ipps.IppsApplication          : No active profile set, falling back to default profiles: default
2019-09-30 11:12:03.473  INFO 55170 --- [main] .s.d.r.c.RepositoryConfigurationDelegate : Bootstrapping Spring Data repositories in DEFAULT mode.
2019-09-30 11:12:03.529  INFO 55170 --- [main] .s.d.r.c.RepositoryConfigurationDelegate : Finished Spring Data repository scanning in 49ms. Found 1 repository interfaces.
2019-09-30 11:12:03.940  INFO 55170 --- [main] trationDelegate$BeanPostProcessorChecker : Bean 'org.springframework.transaction.annotation.ProxyTransactionManagementConfiguration' of type [org.springframework.transaction.annotation.ProxyTransactionManagementConfiguration$$EnhancerBySpringCGLIB$$b3706c02] is not eligible for getting processed by all BeanPostProcessors (for example: not eligible for auto-proxying)
2019-09-30 11:12:04.249  INFO 55170 --- [main] o.s.b.w.embedded.tomcat.TomcatWebServer  : Tomcat initialized with port(s): 8081 (http)
2019-09-30 11:12:04.279  INFO 55170 --- [main] o.apache.catalina.core.StandardService   : Starting service [Tomcat]
2019-09-30 11:12:04.280  INFO 55170 --- [main] org.apache.catalina.core.StandardEngine  : Starting Servlet engine: [Apache Tomcat/9.0.22]
2019-09-30 11:12:04.388  INFO 55170 --- [main] o.a.c.c.C.[Tomcat].[localhost].[/]       : Initializing Spring embedded WebApplicationContext
2019-09-30 11:12:04.389  INFO 55170 --- [main] o.s.web.context.ContextLoader            : Root WebApplicationContext: initialization completed in 1591 ms
2019-09-30 11:12:04.576  INFO 55170 --- [main] com.zaxxer.hikari.HikariDataSource       : HikariPool-1 - Starting...
2019-09-30 11:12:04.838  INFO 55170 --- [main] com.zaxxer.hikari.HikariDataSource       : HikariPool-1 - Start completed.
2019-09-30 11:12:04.891  INFO 55170 --- [main] o.hibernate.jpa.internal.util.LogHelper  : HHH000204: Processing PersistenceUnitInfo [
	name: default
	...]
2019-09-30 11:12:04.947  INFO 55170 --- [main] org.hibernate.Version                    : HHH000412: Hibernate Core {5.3.10.Final}
2019-09-30 11:12:04.950  INFO 55170 --- [main] org.hibernate.cfg.Environment            : HHH000206: hibernate.properties not found
2019-09-30 11:12:05.074  INFO 55170 --- [main] o.hibernate.annotations.common.Version   : HCANN000001: Hibernate Commons Annotations {5.0.4.Final}
2019-09-30 11:12:05.211  INFO 55170 --- [main] org.hibernate.dialect.Dialect            : HHH000400: Using dialect: org.hibernate.dialect.MySQL5Dialect
2019-09-30 11:12:05.385  WARN 55170 --- [main] org.hibernate.mapping.RootClass          : HHH000038: Composite-id class does not override equals(): tech.base2.ipps.medpar$ippsId
2019-09-30 11:12:05.386  WARN 55170 --- [main] org.hibernate.mapping.RootClass          : HHH000039: Composite-id class does not override hashCode(): tech.base2.ipps.medpar$ippsId
2019-09-30 11:12:05.732  INFO 55170 --- [main] j.LocalContainerEntityManagerFactoryBean : Initialized JPA EntityManagerFactory for persistence unit 'default'
2019-09-30 11:12:06.263  INFO 55170 --- [main] o.s.s.concurrent.ThreadPoolTaskExecutor  : Initializing ExecutorService 'applicationTaskExecutor'
2019-09-30 11:12:06.511  INFO 55170 --- [main] o.s.b.w.embedded.tomcat.TomcatWebServer  : Tomcat started on port(s): 8081 (http) with context path ''
2019-09-30 11:12:06.514  INFO 55170 --- [main] tech.base2.ipps.IppsApplication          : Started IppsApplication in 4.096 seconds (JVM running for 4.478)
2019-09-30 11:16:06.881  INFO 55170 --- [http-nio-8081-exec-2] o.a.c.c.C.[Tomcat].[localhost].[/]       : Initializing Spring DispatcherServlet 'dispatcherServlet'
2019-09-30 11:16:06.882  INFO 55170 --- [http-nio-8081-exec-2] o.s.web.servlet.DispatcherServlet        : Initializing Servlet 'dispatcherServlet'
2019-09-30 11:16:06.893  INFO 55170 --- [http-nio-8081-exec-2] o.s.web.servlet.DispatcherServlet        : Completed initialization in 11 ms
2019-09-30 11:16:06.961  INFO 55170 --- [http-nio-8081-exec-2] o.h.h.i.QueryTranslatorFactoryInitiator  : HHH000397: Using ASTQueryTranslatorFactory
2019-09-30 11:17:21.079  INFO 55170 --- [Thread-3] o.s.s.concurrent.ThreadPoolTaskExecutor  : Shutting down ExecutorService 'applicationTaskExecutor'
2019-09-30 11:17:21.084  INFO 55170 --- [Thread-3] j.LocalContainerEntityManagerFactoryBean : Closing JPA EntityManagerFactory for persistence unit 'default'
2019-09-30 11:17:21.087  INFO 55170 --- [Thread-3] com.zaxxer.hikari.HikariDataSource       : HikariPool-1 - Shutdown initiated...
2019-09-30 11:17:21.095  INFO 55170 --- [Thread-3] com.zaxxer.hikari.HikariDataSource       : HikariPool-1 - Shutdown completed.
2019-09-30 11:17:25.561  INFO 55201 --- [main] tech.base2.ipps.IppsApplication          : Starting IppsApplication on macbook-pro.lan with PID 55201 (/Users/renezablah/Documents/workspace-spring-tool-suite-4-4.2.1.RELEASE/ipps/target/classes started by renezablah in /Users/renezablah/Documents/workspace-spring-tool-suite-4-4.2.1.RELEASE/ipps)
2019-09-30 11:17:25.565  INFO 55201 --- [main] tech.base2.ipps.IppsApplication          : No active profile set, falling back to default profiles: default
2019-09-30 11:17:26.305  INFO 55201 --- [main] .s.d.r.c.RepositoryConfigurationDelegate : Bootstrapping Spring Data repositories in DEFAULT mode.
2019-09-30 11:17:26.365  INFO 55201 --- [main] .s.d.r.c.RepositoryConfigurationDelegate : Finished Spring Data repository scanning in 52ms. Found 1 repository interfaces.
2019-09-30 11:17:26.735  INFO 55201 --- [main] trationDelegate$BeanPostProcessorChecker : Bean 'org.springframework.transaction.annotation.ProxyTransactionManagementConfiguration' of type [org.springframework.transaction.annotation.ProxyTransactionManagementConfiguration$$EnhancerBySpringCGLIB$$12be47b2] is not eligible for getting processed by all BeanPostProcessors (for example: not eligible for auto-proxying)
2019-09-30 11:17:27.033  INFO 55201 --- [main] o.s.b.w.embedded.tomcat.TomcatWebServer  : Tomcat initialized with port(s): 8081 (http)
2019-09-30 11:17:27.062  INFO 55201 --- [main] o.apache.catalina.core.StandardService   : Starting service [Tomcat]
2019-09-30 11:17:27.063  INFO 55201 --- [main] org.apache.catalina.core.StandardEngine  : Starting Servlet engine: [Apache Tomcat/9.0.22]
2019-09-30 11:17:27.165  INFO 55201 --- [main] o.a.c.c.C.[Tomcat].[localhost].[/]       : Initializing Spring embedded WebApplicationContext
2019-09-30 11:17:27.166  INFO 55201 --- [main] o.s.web.context.ContextLoader            : Root WebApplicationContext: initialization completed in 1555 ms
2019-09-30 11:17:27.342  INFO 55201 --- [main] com.zaxxer.hikari.HikariDataSource       : HikariPool-1 - Starting...
2019-09-30 11:17:27.647  INFO 55201 --- [main] com.zaxxer.hikari.HikariDataSource       : HikariPool-1 - Start completed.
2019-09-30 11:17:27.697  INFO 55201 --- [main] o.hibernate.jpa.internal.util.LogHelper  : HHH000204: Processing PersistenceUnitInfo [
	name: default
	...]
2019-09-30 11:17:27.740  INFO 55201 --- [main] org.hibernate.Version                    : HHH000412: Hibernate Core {5.3.10.Final}
2019-09-30 11:17:27.741  INFO 55201 --- [main] org.hibernate.cfg.Environment            : HHH000206: hibernate.properties not found
2019-09-30 11:17:27.926  INFO 55201 --- [main] o.hibernate.annotations.common.Version   : HCANN000001: Hibernate Commons Annotations {5.0.4.Final}
2019-09-30 11:17:28.064  INFO 55201 --- [main] org.hibernate.dialect.Dialect            : HHH000400: Using dialect: org.hibernate.dialect.MySQL5Dialect
2019-09-30 11:17:28.230  WARN 55201 --- [main] org.hibernate.mapping.RootClass          : HHH000038: Composite-id class does not override equals(): tech.base2.ipps.medpar$ippsId
2019-09-30 11:17:28.230  WARN 55201 --- [main] org.hibernate.mapping.RootClass          : HHH000039: Composite-id class does not override hashCode(): tech.base2.ipps.medpar$ippsId
2019-09-30 11:17:28.530  INFO 55201 --- [main] j.LocalContainerEntityManagerFactoryBean : Initialized JPA EntityManagerFactory for persistence unit 'default'
2019-09-30 11:17:29.059  INFO 55201 --- [main] o.s.s.concurrent.ThreadPoolTaskExecutor  : Initializing ExecutorService 'applicationTaskExecutor'
2019-09-30 11:17:29.308  INFO 55201 --- [main] o.s.b.w.embedded.tomcat.TomcatWebServer  : Tomcat started on port(s): 8081 (http) with context path ''
2019-09-30 11:17:29.310  INFO 55201 --- [main] tech.base2.ipps.IppsApplication          : Started IppsApplication in 4.103 seconds (JVM running for 4.501)
2019-09-30 11:18:40.043  INFO 55201 --- [Thread-4] o.s.s.concurrent.ThreadPoolTaskExecutor  : Shutting down ExecutorService 'applicationTaskExecutor'
2019-09-30 11:18:40.045  INFO 55201 --- [Thread-4] j.LocalContainerEntityManagerFactoryBean : Closing JPA EntityManagerFactory for persistence unit 'default'
2019-09-30 11:18:40.049  INFO 55201 --- [Thread-4] com.zaxxer.hikari.HikariDataSource       : HikariPool-1 - Shutdown initiated...
2019-09-30 11:18:40.057  INFO 55201 --- [Thread-4] com.zaxxer.hikari.HikariDataSource       : HikariPool-1 - Shutdown completed.
2019-09-30 11:22:33.025  INFO 55247 --- [main] tech.base2.ipps.IppsApplicationTests     : Starting IppsApplicationTests on macbook-pro.lan with PID 55247 (started by renezablah in /Users/renezablah/Documents/workspace-spring-tool-suite-4-4.2.1.RELEASE/ipps)
2019-09-30 11:22:33.027  INFO 55247 --- [main] tech.base2.ipps.IppsApplicationTests     : No active profile set, falling back to default profiles: default
2019-09-30 11:22:33.701  INFO 55247 --- [main] .s.d.r.c.RepositoryConfigurationDelegate : Bootstrapping Spring Data repositories in DEFAULT mode.
2019-09-30 11:22:33.767  INFO 55247 --- [main] .s.d.r.c.RepositoryConfigurationDelegate : Finished Spring Data repository scanning in 58ms. Found 1 repository interfaces.
2019-09-30 11:22:34.168  INFO 55247 --- [main] trationDelegate$BeanPostProcessorChecker : Bean 'org.springframework.transaction.annotation.ProxyTransactionManagementConfiguration' of type [org.springframework.transaction.annotation.ProxyTransactionManagementConfiguration$$EnhancerBySpringCGLIB$$3b401220] is not eligible for getting processed by all BeanPostProcessors (for example: not eligible for auto-proxying)
2019-09-30 11:22:34.434  INFO 55247 --- [main] com.zaxxer.hikari.HikariDataSource       : HikariPool-1 - Starting...
2019-09-30 11:22:34.706  INFO 55247 --- [main] com.zaxxer.hikari.HikariDataSource       : HikariPool-1 - Start completed.
2019-09-30 11:22:34.769  INFO 55247 --- [main] o.hibernate.jpa.internal.util.LogHelper  : HHH000204: Processing PersistenceUnitInfo [
	name: default
	...]
2019-09-30 11:22:34.854  INFO 55247 --- [main] org.hibernate.Version                    : HHH000412: Hibernate Core {5.3.10.Final}
2019-09-30 11:22:34.855  INFO 55247 --- [main] org.hibernate.cfg.Environment            : HHH000206: hibernate.properties not found
2019-09-30 11:22:34.982  INFO 55247 --- [main] o.hibernate.annotations.common.Version   : HCANN000001: Hibernate Commons Annotations {5.0.4.Final}
2019-09-30 11:22:35.109  INFO 55247 --- [main] org.hibernate.dialect.Dialect            : HHH000400: Using dialect: org.hibernate.dialect.MySQL5Dialect
2019-09-30 11:22:35.266  WARN 55247 --- [main] org.hibernate.mapping.RootClass          : HHH000038: Composite-id class does not override equals(): tech.base2.ipps.medpar$ippsId
2019-09-30 11:22:35.266  WARN 55247 --- [main] org.hibernate.mapping.RootClass          : HHH000039: Composite-id class does not override hashCode(): tech.base2.ipps.medpar$ippsId
2019-09-30 11:22:35.581  INFO 55247 --- [main] j.LocalContainerEntityManagerFactoryBean : Initialized JPA EntityManagerFactory for persistence unit 'default'
2019-09-30 11:22:36.449  INFO 55247 --- [main] o.s.s.concurrent.ThreadPoolTaskExecutor  : Initializing ExecutorService 'applicationTaskExecutor'
2019-09-30 11:22:36.768  INFO 55247 --- [main] tech.base2.ipps.IppsApplicationTests     : Started IppsApplicationTests in 3.977 seconds (JVM running for 4.71)
2019-09-30 11:22:36.893  INFO 55247 --- [Thread-3] o.s.s.concurrent.ThreadPoolTaskExecutor  : Shutting down ExecutorService 'applicationTaskExecutor'
2019-09-30 11:22:36.894  INFO 55247 --- [Thread-3] j.LocalContainerEntityManagerFactoryBean : Closing JPA EntityManagerFactory for persistence unit 'default'
2019-09-30 11:22:36.896  INFO 55247 --- [Thread-3] com.zaxxer.hikari.HikariDataSource       : HikariPool-1 - Shutdown initiated...
2019-09-30 11:22:36.902  INFO 55247 --- [Thread-3] com.zaxxer.hikari.HikariDataSource       : HikariPool-1 - Shutdown completed.
